[transform] 2016-07-17 13:02:57,324 [INFO] [com.fish.factory.fileparser.PPTFactory.convert2Html(PPTFactory.java:42)] : 将PPT或PPTX转换为html文件开始,输出文件 [D:\home\RmadFile\html\2016\07\17\ppt/1462362026962/1462362026962.html]......
[transform] 2016-07-17 13:03:10,813 [INFO] [com.fish.factory.fileparser.PPTFactory.convert2Html(PPTFactory.java:60)] : 将PPT或PPTX转换为html文件......ok
[transform] 2016-07-17 13:03:10,814 [INFO] [com.fish.factory.fileparser.PPTFactory.convert2Html(PPTFactory.java:61)] : Generate D:\home\RmadFile\html\2016\07\17\ppt/1462362026962/1462362026962.html with 13488 ms.
[transform] 2016-07-17 13:03:10,819 [INFO] [com.fish.factory.fileparser.WordFactory.convert2Html(WordFactory.java:54)] : 将word转换为html文件开始,输出文件 [D:\home\RmadFile\html\2016\07\17\word/1467965541140/1467965541140.html]......
[transform] 2016-07-17 13:03:10,828 [ERROR] [com.fish.factory.fileparser.WordFactory.convert2Html(WordFactory.java:74)] : file format error
[transform] 2016-07-17 13:03:10,829 [INFO] [com.fish.factory.fileparser.WordFactory.convert2Html(WordFactory.java:86)] : 将word转换为html文件......ok
[transform] 2016-07-17 13:03:10,829 [INFO] [com.fish.factory.fileparser.WordFactory.convert2Html(WordFactory.java:87)] : Generate D:\home\RmadFile\html\2016\07\17\word/1467965541140/1467965541140.html with 9 ms.
[transform] 2016-07-17 13:03:10,832 [INFO] [com.fish.factory.fileparser.PdfFactory.convert2Html(PdfFactory.java:35)] : start convert pdf to Html,out file [D:\home\RmadFile\html\2016\07\17\pdf/588/588.html]......
[transform] 2016-07-17 13:03:23,183 [INFO] [com.fish.factory.fileparser.PdfFactory.convert2Html(PdfFactory.java:39)] : convert success! Generate D:\home\RmadFile\html\2016\07\17\pdf/588/588.html with 12351 ms.
[transform] 2016-07-17 13:03:23,184 [INFO] [com.fish.factory.fileparser.WordFactory.convert2Html(WordFactory.java:54)] : 将word转换为html文件开始,输出文件 [D:\home\RmadFile\html\2016\07\17\word/doc/doc.html]......
[transform] 2016-07-17 13:03:23,389 [INFO] [com.fish.factory.fileparser.WordFactory.convert2Html(WordFactory.java:86)] : 将word转换为html文件......ok
[transform] 2016-07-17 13:03:23,389 [INFO] [com.fish.factory.fileparser.WordFactory.convert2Html(WordFactory.java:87)] : Generate D:\home\RmadFile\html\2016\07\17\word/doc/doc.html with 205 ms.
[transform] 2016-07-17 13:03:23,390 [INFO] [com.fish.factory.fileparser.WordFactory.convert2Html(WordFactory.java:54)] : 将word转换为html文件开始,输出文件 [D:\home\RmadFile\html\2016\07\17\word/docx/docx.html]......
[transform] 2016-07-17 13:03:24,662 [INFO] [com.fish.factory.fileparser.WordFactory.convertDocx2Html(WordFactory.java:146)] : Generate D:\home\RmadFile\html\2016\07\17\word/docx/docx with 715 ms.
[transform] 2016-07-17 13:03:24,662 [INFO] [com.fish.factory.fileparser.WordFactory.convert2Html(WordFactory.java:86)] : 将word转换为html文件......ok
[transform] 2016-07-17 13:03:24,662 [INFO] [com.fish.factory.fileparser.WordFactory.convert2Html(WordFactory.java:87)] : Generate D:\home\RmadFile\html\2016\07\17\word/docx/docx.html with 1272 ms.
[transform] 2016-07-17 13:03:24,663 [INFO] [com.fish.factory.utils.ConverFile.converFile2Html(ConverFile.java:49)] : 文件解析工厂未创建
[transform] 2016-07-17 13:03:24,664 [INFO] [com.fish.factory.utils.ConverFile.converFile2Html(ConverFile.java:49)] : 文件解析工厂未创建
[transform] 2016-07-17 13:03:24,664 [INFO] [com.fish.factory.fileparser.PPTFactory.convert2Html(PPTFactory.java:42)] : 将PPT或PPTX转换为html文件开始,输出文件 [D:\home\RmadFile\html\2016\07\17\ppt/pptx/pptx.html]......
[transform] 2016-07-17 13:03:43,470 [INFO] [com.fish.factory.fileparser.PPTFactory.convert2Html(PPTFactory.java:60)] : 将PPT或PPTX转换为html文件......ok
[transform] 2016-07-17 13:03:43,470 [INFO] [com.fish.factory.fileparser.PPTFactory.convert2Html(PPTFactory.java:61)] : Generate D:\home\RmadFile\html\2016\07\17\ppt/pptx/pptx.html with 18806 ms.
[transform] 2016-07-17 13:03:43,472 [INFO] [com.fish.factory.fileparser.ExcelFactory.convert2Html(ExcelFactory.java:50)] : 将excel转换为html文件开始,输出文件 [D:\home\RmadFile\html\2016\07\17\excel/shujuxuqiujilu/shujuxuqiujilu.html]......
[transform] 2016-07-17 13:03:43,799 [INFO] [com.fish.factory.fileparser.ExcelFactory.convert2Html(ExcelFactory.java:87)] : 将excel转换为html文件......ok
[transform] 2016-07-17 13:03:43,799 [INFO] [com.fish.factory.fileparser.ExcelFactory.convert2Html(ExcelFactory.java:88)] : Generate D:\home\RmadFile\html\2016\07\17\excel/shujuxuqiujilu/shujuxuqiujilu.html with 327 ms.
[transform] 2016-07-17 13:03:43,799 [INFO] [com.fish.factory.fileparser.ExcelFactory.convert2Html(ExcelFactory.java:50)] : 将excel转换为html文件开始,输出文件 [D:\home\RmadFile\html\2016\07\17\excel/shujuxuqiujilu/shujuxuqiujilu.html]......
[transform] 2016-07-17 13:03:44,390 [INFO] [com.fish.factory.fileparser.ExcelFactory.convert2Html(ExcelFactory.java:87)] : 将excel转换为html文件......ok
[transform] 2016-07-17 13:03:44,390 [INFO] [com.fish.factory.fileparser.ExcelFactory.convert2Html(ExcelFactory.java:88)] : Generate D:\home\RmadFile\html\2016\07\17\excel/shujuxuqiujilu/shujuxuqiujilu.html with 590 ms.
[transform] 2016-07-17 13:03:44,390 [INFO] [com.fish.factory.fileparser.ExcelFactory.convert2Html(ExcelFactory.java:50)] : 将excel转换为html文件开始,输出文件 [D:\home\RmadFile\html\2016\07\17\excel/shujuxuqiujilu2003/shujuxuqiujilu2003.html]......
[transform] 2016-07-17 13:03:44,498 [INFO] [com.fish.factory.fileparser.ExcelFactory.convert2Html(ExcelFactory.java:87)] : 将excel转换为html文件......ok
[transform] 2016-07-17 13:03:44,498 [INFO] [com.fish.factory.fileparser.ExcelFactory.convert2Html(ExcelFactory.java:88)] : Generate D:\home\RmadFile\html\2016\07\17\excel/shujuxuqiujilu2003/shujuxuqiujilu2003.html with 108 ms.
[transform] 2016-07-17 13:03:44,499 [INFO] [com.fish.factory.utils.ConverFile.converFile2Html(ConverFile.java:49)] : 文件解析工厂未创建
[transform] 2016-07-17 13:04:18,876 [INFO] [com.fish.factory.fileparser.PPTFactory.convert2Html(PPTFactory.java:42)] : 将PPT或PPTX转换为html文件开始,输出文件 [D:\home\RmadFile\html\2016\07\17\ppt/1462362026962/1462362026962.html]......
[transform] 2016-07-17 13:04:32,670 [INFO] [com.fish.factory.fileparser.PPTFactory.convert2Html(PPTFactory.java:60)] : 将PPT或PPTX转换为html文件......ok
[transform] 2016-07-17 13:04:32,670 [INFO] [com.fish.factory.fileparser.PPTFactory.convert2Html(PPTFactory.java:61)] : Generate D:\home\RmadFile\html\2016\07\17\ppt/1462362026962/1462362026962.html with 13791 ms.
[transform] 2016-07-17 13:04:32,676 [INFO] [com.fish.factory.fileparser.WordFactory.convert2Html(WordFactory.java:54)] : 将word转换为html文件开始,输出文件 [D:\home\RmadFile\html\2016\07\17\word/1467965541140/1467965541140.html]......
[transform] 2016-07-17 13:04:32,685 [ERROR] [com.fish.factory.fileparser.WordFactory.convert2Html(WordFactory.java:74)] : file format error
[transform] 2016-07-17 13:04:32,685 [INFO] [com.fish.factory.fileparser.WordFactory.convert2Html(WordFactory.java:86)] : 将word转换为html文件......ok
[transform] 2016-07-17 13:04:32,685 [INFO] [com.fish.factory.fileparser.WordFactory.convert2Html(WordFactory.java:87)] : Generate D:\home\RmadFile\html\2016\07\17\word/1467965541140/1467965541140.html with 9 ms.
[transform] 2016-07-17 13:04:32,689 [INFO] [com.fish.factory.fileparser.PdfFactory.convert2Html(PdfFactory.java:35)] : start convert pdf to Html,out file [D:\home\RmadFile\html\2016\07\17\pdf/588/588.html]......
[transform] 2016-07-17 13:04:45,503 [INFO] [com.fish.factory.fileparser.PdfFactory.convert2Html(PdfFactory.java:39)] : convert success! Generate D:\home\RmadFile\html\2016\07\17\pdf/588/588.html with 12815 ms.
[transform] 2016-07-17 13:04:45,504 [INFO] [com.fish.factory.fileparser.WordFactory.convert2Html(WordFactory.java:54)] : 将word转换为html文件开始,输出文件 [D:\home\RmadFile\html\2016\07\17\word/doc/doc.html]......
[transform] 2016-07-17 13:04:45,725 [INFO] [com.fish.factory.fileparser.WordFactory.convert2Html(WordFactory.java:86)] : 将word转换为html文件......ok
[transform] 2016-07-17 13:04:45,725 [INFO] [com.fish.factory.fileparser.WordFactory.convert2Html(WordFactory.java:87)] : Generate D:\home\RmadFile\html\2016\07\17\word/doc/doc.html with 221 ms.
[transform] 2016-07-17 13:04:45,726 [INFO] [com.fish.factory.fileparser.WordFactory.convert2Html(WordFactory.java:54)] : 将word转换为html文件开始,输出文件 [D:\home\RmadFile\html\2016\07\17\word/docx/docx.html]......
[transform] 2016-07-17 13:04:47,097 [INFO] [com.fish.factory.fileparser.WordFactory.convertDocx2Html(WordFactory.java:146)] : Generate D:\home\RmadFile\html\2016\07\17\word/docx/docx with 770 ms.
[transform] 2016-07-17 13:04:47,097 [INFO] [com.fish.factory.fileparser.WordFactory.convert2Html(WordFactory.java:86)] : 将word转换为html文件......ok
[transform] 2016-07-17 13:04:47,097 [INFO] [com.fish.factory.fileparser.WordFactory.convert2Html(WordFactory.java:87)] : Generate D:\home\RmadFile\html\2016\07\17\word/docx/docx.html with 1371 ms.
[transform] 2016-07-17 13:04:47,098 [INFO] [com.fish.factory.utils.ConverFile.converFile2Html(ConverFile.java:49)] : 文件解析工厂未创建
[transform] 2016-07-17 13:04:47,099 [INFO] [com.fish.factory.utils.ConverFile.converFile2Html(ConverFile.java:49)] : 文件解析工厂未创建
[transform] 2016-07-17 13:04:47,099 [INFO] [com.fish.factory.fileparser.PPTFactory.convert2Html(PPTFactory.java:42)] : 将PPT或PPTX转换为html文件开始,输出文件 [D:\home\RmadFile\html\2016\07\17\ppt/pptx/pptx.html]......
[transform] 2016-07-17 13:05:05,575 [INFO] [com.fish.factory.fileparser.PPTFactory.convert2Html(PPTFactory.java:60)] : 将PPT或PPTX转换为html文件......ok
[transform] 2016-07-17 13:05:05,575 [INFO] [com.fish.factory.fileparser.PPTFactory.convert2Html(PPTFactory.java:61)] : Generate D:\home\RmadFile\html\2016\07\17\ppt/pptx/pptx.html with 18476 ms.
[transform] 2016-07-17 13:05:05,577 [INFO] [com.fish.factory.fileparser.ExcelFactory.convert2Html(ExcelFactory.java:50)] : 将excel转换为html文件开始,输出文件 [D:\home\RmadFile\html\2016\07\17\excel/shujuxuqiujilu/shujuxuqiujilu.html]......
[transform] 2016-07-17 13:05:05,923 [INFO] [com.fish.factory.fileparser.ExcelFactory.convert2Html(ExcelFactory.java:87)] : 将excel转换为html文件......ok
[transform] 2016-07-17 13:05:05,924 [INFO] [com.fish.factory.fileparser.ExcelFactory.convert2Html(ExcelFactory.java:88)] : Generate D:\home\RmadFile\html\2016\07\17\excel/shujuxuqiujilu/shujuxuqiujilu.html with 347 ms.
[transform] 2016-07-17 13:05:05,926 [INFO] [com.fish.factory.fileparser.ExcelFactory.convert2Html(ExcelFactory.java:50)] : 将excel转换为html文件开始,输出文件 [D:\home\RmadFile\html\2016\07\17\excel/shujuxuqiujilu/shujuxuqiujilu.html]......
[transform] 2016-07-17 13:05:06,478 [INFO] [com.fish.factory.fileparser.ExcelFactory.convert2Html(ExcelFactory.java:87)] : 将excel转换为html文件......ok
[transform] 2016-07-17 13:05:06,478 [INFO] [com.fish.factory.fileparser.ExcelFactory.convert2Html(ExcelFactory.java:88)] : Generate D:\home\RmadFile\html\2016\07\17\excel/shujuxuqiujilu/shujuxuqiujilu.html with 552 ms.
[transform] 2016-07-17 13:05:06,479 [INFO] [com.fish.factory.fileparser.ExcelFactory.convert2Html(ExcelFactory.java:50)] : 将excel转换为html文件开始,输出文件 [D:\home\RmadFile\html\2016\07\17\excel/shujuxuqiujilu2003/shujuxuqiujilu2003.html]......
[transform] 2016-07-17 13:05:06,578 [INFO] [com.fish.factory.fileparser.ExcelFactory.convert2Html(ExcelFactory.java:87)] : 将excel转换为html文件......ok
[transform] 2016-07-17 13:05:06,579 [INFO] [com.fish.factory.fileparser.ExcelFactory.convert2Html(ExcelFactory.java:88)] : Generate D:\home\RmadFile\html\2016\07\17\excel/shujuxuqiujilu2003/shujuxuqiujilu2003.html with 100 ms.
[transform] 2016-07-17 13:05:06,580 [INFO] [com.fish.factory.utils.ConverFile.converFile2Html(ConverFile.java:49)] : 文件解析工厂未创建
[transform] 2016-07-17 13:05:31,084 [INFO] [com.fish.factory.fileparser.PPTFactory.convert2Html(PPTFactory.java:42)] : 将PPT或PPTX转换为html文件开始,输出文件 [D:\home\RmadFile\html\2016\07\17\ppt/1462362026962/1462362026962.html]......
[transform] 2016-07-17 13:05:44,715 [INFO] [com.fish.factory.fileparser.PPTFactory.convert2Html(PPTFactory.java:60)] : 将PPT或PPTX转换为html文件......ok
[transform] 2016-07-17 13:05:44,716 [INFO] [com.fish.factory.fileparser.PPTFactory.convert2Html(PPTFactory.java:61)] : Generate D:\home\RmadFile\html\2016\07\17\ppt/1462362026962/1462362026962.html with 13630 ms.
[transform] 2016-07-17 13:05:44,724 [INFO] [com.fish.factory.fileparser.WordFactory.convert2Html(WordFactory.java:54)] : 将word转换为html文件开始,输出文件 [D:\home\RmadFile\html\2016\07\17\word/1467965541140/1467965541140.html]......
[transform] 2016-07-17 13:05:44,735 [ERROR] [com.fish.factory.fileparser.WordFactory.convert2Html(WordFactory.java:74)] : file format error
[transform] 2016-07-17 13:05:44,735 [INFO] [com.fish.factory.fileparser.WordFactory.convert2Html(WordFactory.java:86)] : 将word转换为html文件......ok
[transform] 2016-07-17 13:05:44,735 [INFO] [com.fish.factory.fileparser.WordFactory.convert2Html(WordFactory.java:87)] : Generate D:\home\RmadFile\html\2016\07\17\word/1467965541140/1467965541140.html with 11 ms.
[transform] 2016-07-17 13:05:44,739 [INFO] [com.fish.factory.fileparser.PdfFactory.convert2Html(PdfFactory.java:35)] : start convert pdf to Html,out file [D:\home\RmadFile\html\2016\07\17\pdf/588/588.html]......
[transform] 2016-07-17 13:05:56,998 [INFO] [com.fish.factory.fileparser.PdfFactory.convert2Html(PdfFactory.java:39)] : convert success! Generate D:\home\RmadFile\html\2016\07\17\pdf/588/588.html with 12259 ms.
[transform] 2016-07-17 13:05:56,998 [INFO] [com.fish.factory.fileparser.WordFactory.convert2Html(WordFactory.java:54)] : 将word转换为html文件开始,输出文件 [D:\home\RmadFile\html\2016\07\17\word/doc/doc.html]......
[transform] 2016-07-17 13:05:57,200 [INFO] [com.fish.factory.fileparser.WordFactory.convert2Html(WordFactory.java:86)] : 将word转换为html文件......ok
[transform] 2016-07-17 13:05:57,200 [INFO] [com.fish.factory.fileparser.WordFactory.convert2Html(WordFactory.java:87)] : Generate D:\home\RmadFile\html\2016\07\17\word/doc/doc.html with 202 ms.
[transform] 2016-07-17 13:05:57,201 [INFO] [com.fish.factory.fileparser.WordFactory.convert2Html(WordFactory.java:54)] : 将word转换为html文件开始,输出文件 [D:\home\RmadFile\html\2016\07\17\word/docx/docx.html]......
[transform] 2016-07-17 13:05:58,532 [INFO] [com.fish.factory.fileparser.WordFactory.convertDocx2Html(WordFactory.java:146)] : Generate D:\home\RmadFile\html\2016\07\17\word/docx/docx with 759 ms.
[transform] 2016-07-17 13:05:58,532 [INFO] [com.fish.factory.fileparser.WordFactory.convert2Html(WordFactory.java:86)] : 将word转换为html文件......ok
[transform] 2016-07-17 13:05:58,532 [INFO] [com.fish.factory.fileparser.WordFactory.convert2Html(WordFactory.java:87)] : Generate D:\home\RmadFile\html\2016\07\17\word/docx/docx.html with 1331 ms.
[transform] 2016-07-17 13:05:58,533 [INFO] [com.fish.factory.utils.ConverFile.converFile2Html(ConverFile.java:49)] : 文件解析工厂未创建
[transform] 2016-07-17 13:05:58,533 [INFO] [com.fish.factory.utils.ConverFile.converFile2Html(ConverFile.java:49)] : 文件解析工厂未创建
[transform] 2016-07-17 13:05:58,533 [INFO] [com.fish.factory.fileparser.PPTFactory.convert2Html(PPTFactory.java:42)] : 将PPT或PPTX转换为html文件开始,输出文件 [D:\home\RmadFile\html\2016\07\17\ppt/pptx/pptx.html]......
[transform] 2016-07-17 13:06:16,690 [INFO] [com.fish.factory.fileparser.PPTFactory.convert2Html(PPTFactory.java:60)] : 将PPT或PPTX转换为html文件......ok
[transform] 2016-07-17 13:06:16,690 [INFO] [com.fish.factory.fileparser.PPTFactory.convert2Html(PPTFactory.java:61)] : Generate D:\home\RmadFile\html\2016\07\17\ppt/pptx/pptx.html with 18156 ms.
[transform] 2016-07-17 13:06:16,691 [INFO] [com.fish.factory.fileparser.ExcelFactory.convert2Html(ExcelFactory.java:50)] : 将excel转换为html文件开始,输出文件 [D:\home\RmadFile\html\2016\07\17\excel/shujuxuqiujilu/shujuxuqiujilu.html]......
[transform] 2016-07-17 13:06:17,008 [INFO] [com.fish.factory.fileparser.ExcelFactory.convert2Html(ExcelFactory.java:87)] : 将excel转换为html文件......ok
[transform] 2016-07-17 13:06:17,009 [INFO] [com.fish.factory.fileparser.ExcelFactory.convert2Html(ExcelFactory.java:88)] : Generate D:\home\RmadFile\html\2016\07\17\excel/shujuxuqiujilu/shujuxuqiujilu.html with 318 ms.
[transform] 2016-07-17 13:06:17,009 [INFO] [com.fish.factory.fileparser.ExcelFactory.convert2Html(ExcelFactory.java:50)] : 将excel转换为html文件开始,输出文件 [D:\home\RmadFile\html\2016\07\17\excel/shujuxuqiujilu/shujuxuqiujilu.html]......
[transform] 2016-07-17 13:06:17,554 [INFO] [com.fish.factory.fileparser.ExcelFactory.convert2Html(ExcelFactory.java:87)] : 将excel转换为html文件......ok
[transform] 2016-07-17 13:06:17,554 [INFO] [com.fish.factory.fileparser.ExcelFactory.convert2Html(ExcelFactory.java:88)] : Generate D:\home\RmadFile\html\2016\07\17\excel/shujuxuqiujilu/shujuxuqiujilu.html with 545 ms.
[transform] 2016-07-17 13:06:17,554 [INFO] [com.fish.factory.fileparser.ExcelFactory.convert2Html(ExcelFactory.java:50)] : 将excel转换为html文件开始,输出文件 [D:\home\RmadFile\html\2016\07\17\excel/shujuxuqiujilu2003/shujuxuqiujilu2003.html]......
[transform] 2016-07-17 13:06:17,682 [INFO] [com.fish.factory.fileparser.ExcelFactory.convert2Html(ExcelFactory.java:87)] : 将excel转换为html文件......ok
[transform] 2016-07-17 13:06:17,682 [INFO] [com.fish.factory.fileparser.ExcelFactory.convert2Html(ExcelFactory.java:88)] : Generate D:\home\RmadFile\html\2016\07\17\excel/shujuxuqiujilu2003/shujuxuqiujilu2003.html with 128 ms.
[transform] 2016-07-17 13:06:17,683 [INFO] [com.fish.factory.utils.ConverFile.converFile2Html(ConverFile.java:49)] : 文件解析工厂未创建
[transform] 2016-07-17 13:07:31,225 [INFO] [com.fish.factory.fileparser.PPTFactory.convert2Html(PPTFactory.java:42)] : 将PPT或PPTX转换为html文件开始,输出文件 [D:\home\RmadFile\html\2016\07\17\ppt/1462362026962/1462362026962.html]......
[transform] 2016-07-17 13:07:44,954 [INFO] [com.fish.factory.fileparser.PPTFactory.convert2Html(PPTFactory.java:60)] : 将PPT或PPTX转换为html文件......ok
[transform] 2016-07-17 13:07:44,954 [INFO] [com.fish.factory.fileparser.PPTFactory.convert2Html(PPTFactory.java:61)] : Generate D:\home\RmadFile\html\2016\07\17\ppt/1462362026962/1462362026962.html with 13726 ms.
[transform] 2016-07-17 13:07:44,960 [INFO] [com.fish.factory.fileparser.WordFactory.convert2Html(WordFactory.java:54)] : 将word转换为html文件开始,输出文件 [D:\home\RmadFile\html\2016\07\17\word/1467965541140/1467965541140.html]......
[transform] 2016-07-17 13:07:44,968 [ERROR] [com.fish.factory.fileparser.WordFactory.convert2Html(WordFactory.java:74)] : file format error
[transform] 2016-07-17 13:07:44,968 [INFO] [com.fish.factory.fileparser.WordFactory.convert2Html(WordFactory.java:86)] : 将word转换为html文件......ok
[transform] 2016-07-17 13:07:44,968 [INFO] [com.fish.factory.fileparser.WordFactory.convert2Html(WordFactory.java:87)] : Generate D:\home\RmadFile\html\2016\07\17\word/1467965541140/1467965541140.html with 8 ms.
[transform] 2016-07-17 13:07:44,971 [INFO] [com.fish.factory.fileparser.PdfFactory.convert2Html(PdfFactory.java:35)] : start convert pdf to Html,out file [D:\home\RmadFile\html\2016\07\17\pdf/588/588.html]......
[transform] 2016-07-17 13:07:57,443 [INFO] [com.fish.factory.fileparser.PdfFactory.convert2Html(PdfFactory.java:39)] : convert success! Generate D:\home\RmadFile\html\2016\07\17\pdf/588/588.html with 12472 ms.
[transform] 2016-07-17 13:07:57,444 [INFO] [com.fish.factory.fileparser.WordFactory.convert2Html(WordFactory.java:54)] : 将word转换为html文件开始,输出文件 [D:\home\RmadFile\html\2016\07\17\word/doc/doc.html]......
[transform] 2016-07-17 13:07:57,693 [INFO] [com.fish.factory.fileparser.WordFactory.convert2Html(WordFactory.java:86)] : 将word转换为html文件......ok
[transform] 2016-07-17 13:07:57,695 [INFO] [com.fish.factory.fileparser.WordFactory.convert2Html(WordFactory.java:87)] : Generate D:\home\RmadFile\html\2016\07\17\word/doc/doc.html with 251 ms.
[transform] 2016-07-17 13:07:57,698 [INFO] [com.fish.factory.fileparser.WordFactory.convert2Html(WordFactory.java:54)] : 将word转换为html文件开始,输出文件 [D:\home\RmadFile\html\2016\07\17\word/docx/docx.html]......
[transform] 2016-07-17 13:07:59,032 [INFO] [com.fish.factory.fileparser.WordFactory.convertDocx2Html(WordFactory.java:146)] : Generate D:\home\RmadFile\html\2016\07\17\word/docx/docx with 750 ms.
[transform] 2016-07-17 13:07:59,033 [INFO] [com.fish.factory.fileparser.WordFactory.convert2Html(WordFactory.java:86)] : 将word转换为html文件......ok
[transform] 2016-07-17 13:07:59,033 [INFO] [com.fish.factory.fileparser.WordFactory.convert2Html(WordFactory.java:87)] : Generate D:\home\RmadFile\html\2016\07\17\word/docx/docx.html with 1334 ms.
[transform] 2016-07-17 13:07:59,034 [INFO] [com.fish.factory.fileparser.PPTFactory.convert2Html(PPTFactory.java:42)] : 将PPT或PPTX转换为html文件开始,输出文件 [D:\home\RmadFile\html\2016\07\17\ppt/dps2/dps2.html]......
[transform] 2016-07-17 13:08:31,060 [INFO] [com.fish.factory.fileparser.PPTFactory.convert2Html(PPTFactory.java:60)] : 将PPT或PPTX转换为html文件......ok
[transform] 2016-07-17 13:08:31,060 [INFO] [com.fish.factory.fileparser.PPTFactory.convert2Html(PPTFactory.java:61)] : Generate D:\home\RmadFile\html\2016\07\17\ppt/dps2/dps2.html with 32026 ms.
[transform] 2016-07-17 13:08:31,062 [INFO] [com.fish.factory.fileparser.ExcelFactory.convert2Html(ExcelFactory.java:50)] : 将excel转换为html文件开始,输出文件 [D:\home\RmadFile\html\2016\07\17\excel/et2/et2.html]......
[transform] 2016-07-17 13:08:31,629 [INFO] [com.fish.factory.fileparser.ExcelFactory.convert2Html(ExcelFactory.java:87)] : 将excel转换为html文件......ok
[transform] 2016-07-17 13:08:31,629 [INFO] [com.fish.factory.fileparser.ExcelFactory.convert2Html(ExcelFactory.java:88)] : Generate D:\home\RmadFile\html\2016\07\17\excel/et2/et2.html with 567 ms.
[transform] 2016-07-17 13:08:31,629 [INFO] [com.fish.factory.fileparser.PPTFactory.convert2Html(PPTFactory.java:42)] : 将PPT或PPTX转换为html文件开始,输出文件 [D:\home\RmadFile\html\2016\07\17\ppt/pptx/pptx.html]......
[transform] 2016-07-17 13:08:50,157 [INFO] [com.fish.factory.fileparser.PPTFactory.convert2Html(PPTFactory.java:60)] : 将PPT或PPTX转换为html文件......ok
[transform] 2016-07-17 13:08:50,157 [INFO] [com.fish.factory.fileparser.PPTFactory.convert2Html(PPTFactory.java:61)] : Generate D:\home\RmadFile\html\2016\07\17\ppt/pptx/pptx.html with 18527 ms.
[transform] 2016-07-17 13:08:50,158 [INFO] [com.fish.factory.fileparser.ExcelFactory.convert2Html(ExcelFactory.java:50)] : 将excel转换为html文件开始,输出文件 [D:\home\RmadFile\html\2016\07\17\excel/shujuxuqiujilu/shujuxuqiujilu.html]......
[transform] 2016-07-17 13:08:50,334 [INFO] [com.fish.factory.fileparser.ExcelFactory.convert2Html(ExcelFactory.java:87)] : 将excel转换为html文件......ok
[transform] 2016-07-17 13:08:50,334 [INFO] [com.fish.factory.fileparser.ExcelFactory.convert2Html(ExcelFactory.java:88)] : Generate D:\home\RmadFile\html\2016\07\17\excel/shujuxuqiujilu/shujuxuqiujilu.html with 176 ms.
[transform] 2016-07-17 13:08:50,335 [INFO] [com.fish.factory.fileparser.ExcelFactory.convert2Html(ExcelFactory.java:50)] : 将excel转换为html文件开始,输出文件 [D:\home\RmadFile\html\2016\07\17\excel/shujuxuqiujilu/shujuxuqiujilu.html]......
[transform] 2016-07-17 13:08:50,959 [INFO] [com.fish.factory.fileparser.ExcelFactory.convert2Html(ExcelFactory.java:87)] : 将excel转换为html文件......ok
[transform] 2016-07-17 13:08:50,959 [INFO] [com.fish.factory.fileparser.ExcelFactory.convert2Html(ExcelFactory.java:88)] : Generate D:\home\RmadFile\html\2016\07\17\excel/shujuxuqiujilu/shujuxuqiujilu.html with 624 ms.
[transform] 2016-07-17 13:08:50,959 [INFO] [com.fish.factory.fileparser.ExcelFactory.convert2Html(ExcelFactory.java:50)] : 将excel转换为html文件开始,输出文件 [D:\home\RmadFile\html\2016\07\17\excel/shujuxuqiujilu2003/shujuxuqiujilu2003.html]......
[transform] 2016-07-17 13:08:51,023 [INFO] [com.fish.factory.fileparser.ExcelFactory.convert2Html(ExcelFactory.java:87)] : 将excel转换为html文件......ok
[transform] 2016-07-17 13:08:51,023 [INFO] [com.fish.factory.fileparser.ExcelFactory.convert2Html(ExcelFactory.java:88)] : Generate D:\home\RmadFile\html\2016\07\17\excel/shujuxuqiujilu2003/shujuxuqiujilu2003.html with 63 ms.
[transform] 2016-07-17 13:08:51,024 [INFO] [com.fish.factory.fileparser.WordFactory.convert2Html(WordFactory.java:54)] : 将word转换为html文件开始,输出文件 [D:\home\RmadFile\html\2016\07\17\word/wps2/wps2.html]......
[transform] 2016-07-17 13:08:53,653 [INFO] [com.fish.factory.fileparser.WordFactory.convert2Html(WordFactory.java:86)] : 将word转换为html文件......ok
[transform] 2016-07-17 13:08:53,653 [INFO] [com.fish.factory.fileparser.WordFactory.convert2Html(WordFactory.java:87)] : Generate D:\home\RmadFile\html\2016\07\17\word/wps2/wps2.html with 2628 ms.
[transform] 2016-07-17 13:19:11,043 [INFO] [com.fish.factory.fileparser.PPTFactory.convert2Html(PPTFactory.java:42)] : 将PPT或PPTX转换为html文件开始,输出文件 [D:\home\RmadFile\html\2016\07\17\ppt\1462362026962\1462362026962.html]......
[transform] 2016-07-17 13:19:24,877 [INFO] [com.fish.factory.fileparser.PPTFactory.convert2Html(PPTFactory.java:60)] : 将PPT或PPTX转换为html文件......ok
[transform] 2016-07-17 13:19:24,877 [INFO] [com.fish.factory.fileparser.PPTFactory.convert2Html(PPTFactory.java:61)] : Generate D:\home\RmadFile\html\2016\07\17\ppt\1462362026962\1462362026962.html with 13832 ms.
[transform] 2016-07-17 13:19:24,884 [INFO] [com.fish.factory.fileparser.WordFactory.convert2Html(WordFactory.java:54)] : 将word转换为html文件开始,输出文件 [D:\home\RmadFile\html\2016\07\17\word\1467965541140\1467965541140.html]......
[transform] 2016-07-17 13:19:24,893 [ERROR] [com.fish.factory.fileparser.WordFactory.convert2Html(WordFactory.java:74)] : file format error
[transform] 2016-07-17 13:19:24,894 [INFO] [com.fish.factory.fileparser.WordFactory.convert2Html(WordFactory.java:86)] : 将word转换为html文件......ok
[transform] 2016-07-17 13:19:24,894 [INFO] [com.fish.factory.fileparser.WordFactory.convert2Html(WordFactory.java:87)] : Generate D:\home\RmadFile\html\2016\07\17\word\1467965541140\1467965541140.html with 9 ms.
[transform] 2016-07-17 13:19:24,899 [INFO] [com.fish.factory.fileparser.PdfFactory.convert2Html(PdfFactory.java:35)] : start convert pdf to Html,out file [D:\home\RmadFile\html\2016\07\17\pdf\588\588.html]......
[transform] 2016-07-17 13:19:37,281 [INFO] [com.fish.factory.fileparser.PdfFactory.convert2Html(PdfFactory.java:39)] : convert success! Generate D:\home\RmadFile\html\2016\07\17\pdf\588\588.html with 12382 ms.
[transform] 2016-07-17 13:19:37,282 [INFO] [com.fish.factory.fileparser.WordFactory.convert2Html(WordFactory.java:54)] : 将word转换为html文件开始,输出文件 [D:\home\RmadFile\html\2016\07\17\word\doc\doc.html]......
[transform] 2016-07-17 13:19:37,506 [INFO] [com.fish.factory.fileparser.WordFactory.convert2Html(WordFactory.java:86)] : 将word转换为html文件......ok
[transform] 2016-07-17 13:19:37,506 [INFO] [com.fish.factory.fileparser.WordFactory.convert2Html(WordFactory.java:87)] : Generate D:\home\RmadFile\html\2016\07\17\word\doc\doc.html with 224 ms.
[transform] 2016-07-17 13:19:37,507 [INFO] [com.fish.factory.fileparser.WordFactory.convert2Html(WordFactory.java:54)] : 将word转换为html文件开始,输出文件 [D:\home\RmadFile\html\2016\07\17\word\docx\docx.html]......
[transform] 2016-07-17 13:19:38,810 [INFO] [com.fish.factory.fileparser.WordFactory.convertDocx2Html(WordFactory.java:146)] : Generate D:\home\RmadFile\html\2016\07\17\word\docx\docx with 726 ms.
[transform] 2016-07-17 13:19:38,811 [INFO] [com.fish.factory.fileparser.WordFactory.convert2Html(WordFactory.java:86)] : 将word转换为html文件......ok
[transform] 2016-07-17 13:19:38,811 [INFO] [com.fish.factory.fileparser.WordFactory.convert2Html(WordFactory.java:87)] : Generate D:\home\RmadFile\html\2016\07\17\word\docx\docx.html with 1304 ms.
[transform] 2016-07-17 13:19:38,813 [INFO] [com.fish.factory.fileparser.PPTFactory.convert2Html(PPTFactory.java:42)] : 将PPT或PPTX转换为html文件开始,输出文件 [D:\home\RmadFile\html\2016\07\17\ppt\dps2\dps2.html]......
[transform] 2016-07-17 13:20:10,964 [INFO] [com.fish.factory.fileparser.PPTFactory.convert2Html(PPTFactory.java:60)] : 将PPT或PPTX转换为html文件......ok
[transform] 2016-07-17 13:20:10,964 [INFO] [com.fish.factory.fileparser.PPTFactory.convert2Html(PPTFactory.java:61)] : Generate D:\home\RmadFile\html\2016\07\17\ppt\dps2\dps2.html with 32150 ms.
[transform] 2016-07-17 13:20:10,966 [INFO] [com.fish.factory.fileparser.ExcelFactory.convert2Html(ExcelFactory.java:50)] : 将excel转换为html文件开始,输出文件 [D:\home\RmadFile\html\2016\07\17\excel\et2\et2.html]......
[transform] 2016-07-17 13:20:11,552 [INFO] [com.fish.factory.fileparser.ExcelFactory.convert2Html(ExcelFactory.java:87)] : 将excel转换为html文件......ok
[transform] 2016-07-17 13:20:11,553 [INFO] [com.fish.factory.fileparser.ExcelFactory.convert2Html(ExcelFactory.java:88)] : Generate D:\home\RmadFile\html\2016\07\17\excel\et2\et2.html with 587 ms.
[transform] 2016-07-17 13:20:11,554 [INFO] [com.fish.factory.fileparser.PPTFactory.convert2Html(PPTFactory.java:42)] : 将PPT或PPTX转换为html文件开始,输出文件 [D:\home\RmadFile\html\2016\07\17\ppt\pptx\pptx.html]......
[transform] 2016-07-17 13:20:28,520 [INFO] [com.fish.factory.fileparser.PPTFactory.convert2Html(PPTFactory.java:60)] : 将PPT或PPTX转换为html文件......ok
[transform] 2016-07-17 13:20:28,521 [INFO] [com.fish.factory.fileparser.PPTFactory.convert2Html(PPTFactory.java:61)] : Generate D:\home\RmadFile\html\2016\07\17\ppt\pptx\pptx.html with 16967 ms.
[transform] 2016-07-17 13:20:28,521 [INFO] [com.fish.factory.fileparser.ExcelFactory.convert2Html(ExcelFactory.java:50)] : 将excel转换为html文件开始,输出文件 [D:\home\RmadFile\html\2016\07\17\excel\shujuxuqiujilu\shujuxuqiujilu.html]......
[transform] 2016-07-17 13:20:28,606 [INFO] [com.fish.factory.fileparser.ExcelFactory.convert2Html(ExcelFactory.java:87)] : 将excel转换为html文件......ok
[transform] 2016-07-17 13:20:28,606 [INFO] [com.fish.factory.fileparser.ExcelFactory.convert2Html(ExcelFactory.java:88)] : Generate D:\home\RmadFile\html\2016\07\17\excel\shujuxuqiujilu\shujuxuqiujilu.html with 85 ms.
[transform] 2016-07-17 13:20:28,607 [INFO] [com.fish.factory.fileparser.ExcelFactory.convert2Html(ExcelFactory.java:50)] : 将excel转换为html文件开始,输出文件 [D:\home\RmadFile\html\2016\07\17\excel\shujuxuqiujilu\shujuxuqiujilu.html]......
[transform] 2016-07-17 13:20:29,105 [INFO] [com.fish.factory.fileparser.ExcelFactory.convert2Html(ExcelFactory.java:87)] : 将excel转换为html文件......ok
[transform] 2016-07-17 13:20:29,105 [INFO] [com.fish.factory.fileparser.ExcelFactory.convert2Html(ExcelFactory.java:88)] : Generate D:\home\RmadFile\html\2016\07\17\excel\shujuxuqiujilu\shujuxuqiujilu.html with 498 ms.
[transform] 2016-07-17 13:20:29,106 [INFO] [com.fish.factory.fileparser.ExcelFactory.convert2Html(ExcelFactory.java:50)] : 将excel转换为html文件开始,输出文件 [D:\home\RmadFile\html\2016\07\17\excel\shujuxuqiujilu2003\shujuxuqiujilu2003.html]......
[transform] 2016-07-17 13:20:29,179 [INFO] [com.fish.factory.fileparser.ExcelFactory.convert2Html(ExcelFactory.java:87)] : 将excel转换为html文件......ok
[transform] 2016-07-17 13:20:29,181 [INFO] [com.fish.factory.fileparser.ExcelFactory.convert2Html(ExcelFactory.java:88)] : Generate D:\home\RmadFile\html\2016\07\17\excel\shujuxuqiujilu2003\shujuxuqiujilu2003.html with 75 ms.
[transform] 2016-07-17 13:20:29,182 [INFO] [com.fish.factory.fileparser.WordFactory.convert2Html(WordFactory.java:54)] : 将word转换为html文件开始,输出文件 [D:\home\RmadFile\html\2016\07\17\word\wps2\wps2.html]......
[transform] 2016-07-17 13:20:31,570 [INFO] [com.fish.factory.fileparser.WordFactory.convert2Html(WordFactory.java:86)] : 将word转换为html文件......ok
[transform] 2016-07-17 13:20:31,570 [INFO] [com.fish.factory.fileparser.WordFactory.convert2Html(WordFactory.java:87)] : Generate D:\home\RmadFile\html\2016\07\17\word\wps2\wps2.html with 2388 ms.
[transform] 2016-07-17 13:21:49,322 [INFO] [com.fish.factory.fileparser.PPTFactory.convert2Html(PPTFactory.java:42)] : 将PPT或PPTX转换为html文件开始,输出文件 [D:\home\RmadFile\html\2016\07\17\ppt\1462362026962\1462362026962.html]......
[transform] 2016-07-17 13:22:03,365 [INFO] [com.fish.factory.fileparser.PPTFactory.convert2Html(PPTFactory.java:60)] : 将PPT或PPTX转换为html文件......ok
[transform] 2016-07-17 13:22:03,365 [INFO] [com.fish.factory.fileparser.PPTFactory.convert2Html(PPTFactory.java:61)] : Generate D:\home\RmadFile\html\2016\07\17\ppt\1462362026962\1462362026962.html with 14041 ms.
[transform] 2016-07-17 13:22:03,372 [INFO] [com.fish.factory.fileparser.WordFactory.convert2Html(WordFactory.java:54)] : 将word转换为html文件开始,输出文件 [D:\home\RmadFile\html\2016\07\17\word\1467965541140\1467965541140.html]......
[transform] 2016-07-17 13:22:03,383 [ERROR] [com.fish.factory.fileparser.WordFactory.convert2Html(WordFactory.java:74)] : file format error
[transform] 2016-07-17 13:22:03,385 [INFO] [com.fish.factory.fileparser.WordFactory.convert2Html(WordFactory.java:86)] : 将word转换为html文件......ok
[transform] 2016-07-17 13:22:03,385 [INFO] [com.fish.factory.fileparser.WordFactory.convert2Html(WordFactory.java:87)] : Generate D:\home\RmadFile\html\2016\07\17\word\1467965541140\1467965541140.html with 13 ms.
[transform] 2016-07-17 13:22:03,388 [INFO] [com.fish.factory.fileparser.PdfFactory.convert2Html(PdfFactory.java:35)] : start convert pdf to Html,out file [D:\home\RmadFile\html\2016\07\17\pdf\588\588.html]......
[transform] 2016-07-17 13:22:15,734 [INFO] [com.fish.factory.fileparser.PdfFactory.convert2Html(PdfFactory.java:39)] : convert success! Generate D:\home\RmadFile\html\2016\07\17\pdf\588\588.html with 12346 ms.
[transform] 2016-07-17 13:22:15,735 [INFO] [com.fish.factory.fileparser.WordFactory.convert2Html(WordFactory.java:54)] : 将word转换为html文件开始,输出文件 [D:\home\RmadFile\html\2016\07\17\word\doc\doc.html]......
[transform] 2016-07-17 13:22:15,956 [INFO] [com.fish.factory.fileparser.WordFactory.convert2Html(WordFactory.java:86)] : 将word转换为html文件......ok
[transform] 2016-07-17 13:22:15,956 [INFO] [com.fish.factory.fileparser.WordFactory.convert2Html(WordFactory.java:87)] : Generate D:\home\RmadFile\html\2016\07\17\word\doc\doc.html with 221 ms.
[transform] 2016-07-17 13:22:15,957 [INFO] [com.fish.factory.fileparser.WordFactory.convert2Html(WordFactory.java:54)] : 将word转换为html文件开始,输出文件 [D:\home\RmadFile\html\2016\07\17\word\docx\docx.html]......
[transform] 2016-07-17 13:22:17,357 [INFO] [com.fish.factory.fileparser.WordFactory.convertDocx2Html(WordFactory.java:146)] : Generate D:\home\RmadFile\html\2016\07\17\word\docx\docx with 806 ms.
[transform] 2016-07-17 13:22:17,357 [INFO] [com.fish.factory.fileparser.WordFactory.convert2Html(WordFactory.java:86)] : 将word转换为html文件......ok
[transform] 2016-07-17 13:22:17,357 [INFO] [com.fish.factory.fileparser.WordFactory.convert2Html(WordFactory.java:87)] : Generate D:\home\RmadFile\html\2016\07\17\word\docx\docx.html with 1400 ms.
[transform] 2016-07-17 13:22:17,359 [INFO] [com.fish.factory.fileparser.PPTFactory.convert2Html(PPTFactory.java:42)] : 将PPT或PPTX转换为html文件开始,输出文件 [D:\home\RmadFile\html\2016\07\17\ppt\dps2\dps2.html]......
[transform] 2016-07-17 13:22:49,201 [INFO] [com.fish.factory.fileparser.PPTFactory.convert2Html(PPTFactory.java:60)] : 将PPT或PPTX转换为html文件......ok
[transform] 2016-07-17 13:22:49,202 [INFO] [com.fish.factory.fileparser.PPTFactory.convert2Html(PPTFactory.java:61)] : Generate D:\home\RmadFile\html\2016\07\17\ppt\dps2\dps2.html with 31843 ms.
[transform] 2016-07-17 13:22:49,203 [INFO] [com.fish.factory.fileparser.ExcelFactory.convert2Html(ExcelFactory.java:50)] : 将excel转换为html文件开始,输出文件 [D:\home\RmadFile\html\2016\07\17\excel\et2\et2.html]......
[transform] 2016-07-17 13:22:49,791 [INFO] [com.fish.factory.fileparser.ExcelFactory.convert2Html(ExcelFactory.java:87)] : 将excel转换为html文件......ok
[transform] 2016-07-17 13:22:49,791 [INFO] [com.fish.factory.fileparser.ExcelFactory.convert2Html(ExcelFactory.java:88)] : Generate D:\home\RmadFile\html\2016\07\17\excel\et2\et2.html with 588 ms.
[transform] 2016-07-17 13:22:49,792 [INFO] [com.fish.factory.fileparser.PPTFactory.convert2Html(PPTFactory.java:42)] : 将PPT或PPTX转换为html文件开始,输出文件 [D:\home\RmadFile\html\2016\07\17\ppt\pptx\pptx.html]......
[transform] 2016-07-17 13:23:06,823 [INFO] [com.fish.factory.fileparser.PPTFactory.convert2Html(PPTFactory.java:60)] : 将PPT或PPTX转换为html文件......ok
[transform] 2016-07-17 13:23:06,823 [INFO] [com.fish.factory.fileparser.PPTFactory.convert2Html(PPTFactory.java:61)] : Generate D:\home\RmadFile\html\2016\07\17\ppt\pptx\pptx.html with 17031 ms.
[transform] 2016-07-17 13:23:06,828 [INFO] [com.fish.factory.fileparser.ExcelFactory.convert2Html(ExcelFactory.java:50)] : 将excel转换为html文件开始,输出文件 [D:\home\RmadFile\html\2016\07\17\excel\shujuxuqiujilu\shujuxuqiujilu.html]......
[transform] 2016-07-17 13:23:06,968 [INFO] [com.fish.factory.fileparser.ExcelFactory.convert2Html(ExcelFactory.java:87)] : 将excel转换为html文件......ok
[transform] 2016-07-17 13:23:06,968 [INFO] [com.fish.factory.fileparser.ExcelFactory.convert2Html(ExcelFactory.java:88)] : Generate D:\home\RmadFile\html\2016\07\17\excel\shujuxuqiujilu\shujuxuqiujilu.html with 140 ms.
[transform] 2016-07-17 13:23:06,968 [INFO] [com.fish.factory.fileparser.ExcelFactory.convert2Html(ExcelFactory.java:50)] : 将excel转换为html文件开始,输出文件 [D:\home\RmadFile\html\2016\07\17\excel\shujuxuqiujilu\shujuxuqiujilu.html]......
[transform] 2016-07-17 13:23:07,454 [INFO] [com.fish.factory.fileparser.ExcelFactory.convert2Html(ExcelFactory.java:87)] : 将excel转换为html文件......ok
[transform] 2016-07-17 13:23:07,454 [INFO] [com.fish.factory.fileparser.ExcelFactory.convert2Html(ExcelFactory.java:88)] : Generate D:\home\RmadFile\html\2016\07\17\excel\shujuxuqiujilu\shujuxuqiujilu.html with 486 ms.
[transform] 2016-07-17 13:23:07,456 [INFO] [com.fish.factory.fileparser.ExcelFactory.convert2Html(ExcelFactory.java:50)] : 将excel转换为html文件开始,输出文件 [D:\home\RmadFile\html\2016\07\17\excel\shujuxuqiujilu2003\shujuxuqiujilu2003.html]......
[transform] 2016-07-17 13:23:07,510 [INFO] [com.fish.factory.fileparser.ExcelFactory.convert2Html(ExcelFactory.java:87)] : 将excel转换为html文件......ok
[transform] 2016-07-17 13:23:07,510 [INFO] [com.fish.factory.fileparser.ExcelFactory.convert2Html(ExcelFactory.java:88)] : Generate D:\home\RmadFile\html\2016\07\17\excel\shujuxuqiujilu2003\shujuxuqiujilu2003.html with 54 ms.
[transform] 2016-07-17 13:23:07,510 [INFO] [com.fish.factory.fileparser.WordFactory.convert2Html(WordFactory.java:54)] : 将word转换为html文件开始,输出文件 [D:\home\RmadFile\html\2016\07\17\word\wps2\wps2.html]......
[transform] 2016-07-17 13:23:09,981 [INFO] [com.fish.factory.fileparser.WordFactory.convert2Html(WordFactory.java:86)] : 将word转换为html文件......ok
[transform] 2016-07-17 13:23:09,982 [INFO] [com.fish.factory.fileparser.WordFactory.convert2Html(WordFactory.java:87)] : Generate D:\home\RmadFile\html\2016\07\17\word\wps2\wps2.html with 2471 ms.
